mode: atomic
github.com/goline/lapi/request.go:112.44,120.16 2 6
github.com/goline/lapi/request.go:123.2,123.10 1 6
github.com/goline/lapi/request.go:120.16,122.3 1 1
github.com/goline/lapi/request.go:142.51,144.2 1 1
github.com/goline/lapi/request.go:146.38,148.2 1 1
github.com/goline/lapi/request.go:150.52,153.2 2 1
github.com/goline/lapi/request.go:155.40,157.2 1 6
github.com/goline/lapi/request.go:159.57,162.2 2 2
github.com/goline/lapi/request.go:164.42,166.2 1 10
github.com/goline/lapi/request.go:168.60,171.2 2 4
github.com/goline/lapi/request.go:173.42,175.2 1 1
github.com/goline/lapi/request.go:177.60,180.2 2 3
github.com/goline/lapi/request.go:182.40,184.2 1 10
github.com/goline/lapi/request.go:186.56,189.2 2 7
github.com/goline/lapi/request.go:191.37,193.2 1 1
github.com/goline/lapi/request.go:195.53,198.2 2 3
github.com/goline/lapi/request.go:200.39,202.2 1 11
github.com/goline/lapi/request.go:204.54,207.2 2 11
github.com/goline/lapi/request.go:209.42,211.2 1 3
github.com/goline/lapi/request.go:213.60,216.2 2 1
github.com/goline/lapi/request.go:218.67,221.2 2 1
github.com/goline/lapi/request.go:223.66,224.22 1 6
github.com/goline/lapi/request.go:227.2,228.10 2 6
github.com/goline/lapi/request.go:224.22,226.3 1 4
github.com/goline/lapi/request.go:231.60,233.2 1 6
github.com/goline/lapi/request.go:235.70,236.33 1 3
github.com/goline/lapi/request.go:239.2,239.10 1 3
github.com/goline/lapi/request.go:236.33,238.3 1 2
github.com/goline/lapi/request.go:242.73,244.2 1 3
github.com/goline/lapi/request.go:246.75,249.2 2 5
github.com/goline/lapi/request.go:251.41,256.2 4 2
github.com/goline/lapi/request.go:258.48,261.56 3 2
github.com/goline/lapi/request.go:268.2,270.16 3 2
github.com/goline/lapi/request.go:261.56,264.3 2 1
github.com/goline/lapi/request.go:264.3,267.3 2 1
github.com/goline/lapi/request.go:270.16,271.23 1 1
github.com/goline/lapi/request.go:271.23,273.4 1 2
github.com/goline/lapi/request.go:277.47,278.37 1 2
github.com/goline/lapi/request.go:278.37,280.3 1 1
github.com/goline/lapi/request.go:283.41,285.2 1 2
github.com/goline/lapi/request.go:287.45,289.17 2 5
github.com/goline/lapi/request.go:289.17,291.3 1 2
github.com/goline/lapi/request.go:291.3,295.23 4 3
github.com/goline/lapi/request.go:296.10,297.24 1 2
github.com/goline/lapi/request.go:300.4,300.57 1 2
github.com/goline/lapi/request.go:301.11,302.80 1 1
github.com/goline/lapi/request.go:297.24,299.5 1 1
github.com/goline/lapi/route.go:104.65,116.2 2 32
github.com/goline/lapi/route.go:138.38,140.2 1 59
github.com/goline/lapi/route.go:142.52,145.2 2 51
github.com/goline/lapi/route.go:147.40,149.2 1 43
github.com/goline/lapi/route.go:151.56,154.2 2 33
github.com/goline/lapi/route.go:156.38,158.2 1 1
github.com/goline/lapi/route.go:160.52,167.2 6 2
github.com/goline/lapi/route.go:169.37,171.2 1 37
github.com/goline/lapi/route.go:173.50,180.2 6 38
github.com/goline/lapi/route.go:182.42,184.2 1 1
github.com/goline/lapi/route.go:186.59,189.2 2 33
github.com/goline/lapi/route.go:191.39,193.32 2 4
github.com/goline/lapi/route.go:200.2,200.14 1 4
github.com/goline/lapi/route.go:193.32,194.30 1 4
github.com/goline/lapi/route.go:194.30,195.40 1 6
github.com/goline/lapi/route.go:195.40,197.5 1 6
github.com/goline/lapi/route.go:203.55,205.29 2 1
github.com/goline/lapi/route.go:208.2,208.10 1 1
github.com/goline/lapi/route.go:205.29,207.3 1 2
github.com/goline/lapi/route.go:211.50,213.45 2 6
github.com/goline/lapi/route.go:216.2,217.10 2 6
github.com/goline/lapi/route.go:213.45,215.3 1 0
github.com/goline/lapi/route.go:220.61,224.70 4 9
github.com/goline/lapi/route.go:228.2,230.16 3 5
github.com/goline/lapi/route.go:224.70,226.3 1 4
github.com/goline/lapi/route.go:233.51,235.2 1 2
github.com/goline/lapi/route.go:237.66,240.2 2 1
github.com/goline/lapi/route.go:242.53,244.2 1 2
github.com/goline/lapi/route.go:246.69,249.2 2 1
github.com/goline/lapi/route.go:251.40,253.2 1 3
github.com/goline/lapi/route.go:255.50,258.2 2 2
github.com/goline/lapi/route.go:260.55,263.2 2 1
github.com/goline/lapi/route.go:265.46,267.2 1 32
github.com/goline/lapi/route.go:269.77,273.30 4 40
github.com/goline/lapi/route.go:276.2,278.22 3 5
github.com/goline/lapi/route.go:282.2,282.22 1 5
github.com/goline/lapi/route.go:273.30,275.3 1 35
github.com/goline/lapi/route.go:278.22,281.3 2 5
github.com/goline/lapi/route.go:285.56,286.20 1 9
github.com/goline/lapi/route.go:290.2,290.27 1 3
github.com/goline/lapi/route.go:286.20,288.3 1 6
github.com/goline/lapi/route.go:293.52,294.18 1 7
github.com/goline/lapi/route.go:298.2,298.39 1 1
github.com/goline/lapi/route.go:294.18,296.3 1 6
github.com/goline/lapi/route.go:301.50,302.30 1 7
github.com/goline/lapi/route.go:306.2,306.37 1 6
github.com/goline/lapi/route.go:302.30,304.3 1 1
github.com/goline/lapi/route.go:309.93,311.18 2 10
github.com/goline/lapi/route.go:315.2,317.29 3 3
github.com/goline/lapi/route.go:320.2,320.30 1 2
github.com/goline/lapi/route.go:311.18,313.3 1 7
github.com/goline/lapi/route.go:317.29,319.3 1 1
github.com/goline/lapi/route.go:320.30,322.3 1 2
github.com/goline/lapi/tools.go:12.30,13.16 1 86
github.com/goline/lapi/tools.go:13.16,14.13 1 2
github.com/goline/lapi/tools.go:19.28,20.29 1 1
github.com/goline/lapi/tools.go:20.29,22.3 1 2
github.com/goline/lapi/tools.go:26.40,27.18 1 4
github.com/goline/lapi/tools.go:28.19,29.43 1 2
github.com/goline/lapi/tools.go:30.22,31.36 1 2
github.com/goline/lapi/tools.go:32.10,33.88 1 0
github.com/goline/lapi/tools.go:38.43,40.18 2 2
github.com/goline/lapi/tools.go:41.19,42.18 1 2
github.com/goline/lapi/tools.go:43.22,44.11 1 0
github.com/goline/lapi/tools.go:45.10,46.103 1 0
github.com/goline/lapi/tools.go:52.59,54.22 2 1
github.com/goline/lapi/tools.go:57.2,60.28 3 1
github.com/goline/lapi/tools.go:54.22,56.3 1 3
github.com/goline/lapi/tools.go:60.28,62.30 2 3
github.com/goline/lapi/tools.go:69.3,69.12 1 3
github.com/goline/lapi/tools.go:62.30,64.46 2 5
github.com/goline/lapi/tools.go:64.46,67.5 2 5
github.com/goline/lapi/body.go:41.21,45.2 1 18
github.com/goline/lapi/body.go:56.54,58.2 1 0
github.com/goline/lapi/body.go:60.61,64.16 3 8
github.com/goline/lapi/body.go:76.2,76.10 1 8
github.com/goline/lapi/body.go:64.16,66.17 2 6
github.com/goline/lapi/body.go:66.17,68.4 1 1
github.com/goline/lapi/body.go:68.4,71.4 2 5
github.com/goline/lapi/body.go:72.3,74.3 1 2
github.com/goline/lapi/body.go:79.54,81.2 1 5
github.com/goline/lapi/body.go:83.74,85.37 2 4
github.com/goline/lapi/body.go:90.2,91.16 2 3
github.com/goline/lapi/body.go:103.2,103.10 1 3
github.com/goline/lapi/body.go:85.37,88.3 2 1
github.com/goline/lapi/body.go:91.16,93.17 2 2
github.com/goline/lapi/body.go:93.17,95.4 1 1
github.com/goline/lapi/body.go:95.4,98.4 2 1
github.com/goline/lapi/body.go:99.3,101.3 1 1
github.com/goline/lapi/body.go:106.44,108.2 1 10
github.com/goline/lapi/body.go:110.64,113.2 2 18
github.com/goline/lapi/body.go:115.40,117.2 1 8
github.com/goline/lapi/body.go:119.56,122.2 2 9
github.com/goline/lapi/body.go:124.31,128.2 3 12
github.com/goline/lapi/header.go:26.25,28.2 1 19
github.com/goline/lapi/header.go:34.56,36.17 2 11
github.com/goline/lapi/header.go:40.2,41.18 2 9
github.com/goline/lapi/header.go:36.17,38.3 1 2
github.com/goline/lapi/header.go:44.55,46.2 1 13
github.com/goline/lapi/header.go:48.44,50.2 1 1
github.com/goline/lapi/header.go:52.46,55.2 2 3
github.com/goline/lapi/header.go:57.49,59.50 2 5
github.com/goline/lapi/header.go:65.2,65.14 1 5
github.com/goline/lapi/header.go:59.50,64.3 4 7
github.com/goline/lapi/header.go:68.54,70.2 1 28
github.com/goline/lapi/parser.go:26.39,28.2 1 23
github.com/goline/lapi/parser.go:34.75,37.2 2 11
github.com/goline/lapi/parser.go:39.73,42.2 2 8
github.com/goline/lapi/parser.go:46.43,48.2 1 6
github.com/goline/lapi/parser.go:50.63,52.2 1 1
github.com/goline/lapi/parser.go:54.60,56.2 1 5
github.com/goline/lapi/rescuer.go:18.27,20.2 1 2
github.com/goline/lapi/rescuer.go:36.68,37.14 1 4
github.com/goline/lapi/rescuer.go:40.2,40.21 1 3
github.com/goline/lapi/rescuer.go:43.2,49.43 4 3
github.com/goline/lapi/rescuer.go:73.2,75.12 2 3
github.com/goline/lapi/rescuer.go:37.14,39.3 1 1
github.com/goline/lapi/rescuer.go:40.21,42.3 1 3
github.com/goline/lapi/rescuer.go:49.43,51.15 2 3
github.com/goline/lapi/rescuer.go:65.3,65.24 1 3
github.com/goline/lapi/rescuer.go:52.27,53.48 1 1
github.com/goline/lapi/rescuer.go:54.29,55.50 1 1
github.com/goline/lapi/rescuer.go:56.39,57.59 1 0
github.com/goline/lapi/rescuer.go:58.11,59.35 1 1
github.com/goline/lapi/rescuer.go:59.35,61.5 1 1
github.com/goline/lapi/rescuer.go:61.5,63.5 1 0
github.com/goline/lapi/rescuer.go:66.3,66.43 1 0
github.com/goline/lapi/rescuer.go:66.43,69.3 2 0
github.com/goline/lapi/rescuer.go:69.3,72.3 2 0
github.com/goline/lapi/response.go:64.50,72.2 1 2
github.com/goline/lapi/response.go:84.40,86.2 1 5
github.com/goline/lapi/response.go:88.59,91.2 2 5
github.com/goline/lapi/response.go:93.44,95.2 1 1
github.com/goline/lapi/response.go:97.64,100.2 2 2
github.com/goline/lapi/response.go:102.43,104.2 1 3
github.com/goline/lapi/response.go:106.62,109.2 2 1
github.com/goline/lapi/response.go:111.52,113.2 1 6
github.com/goline/lapi/response.go:115.72,118.2 2 2
github.com/goline/lapi/response.go:120.40,121.21 1 7
github.com/goline/lapi/response.go:125.2,125.14 1 6
github.com/goline/lapi/response.go:129.2,130.23 2 5
github.com/goline/lapi/response.go:133.2,134.19 2 4
github.com/goline/lapi/response.go:140.2,140.35 1 4
github.com/goline/lapi/response.go:144.2,144.35 1 4
github.com/goline/lapi/response.go:148.2,149.16 2 4
github.com/goline/lapi/response.go:153.2,153.21 1 3
github.com/goline/lapi/response.go:158.2,161.12 3 3
github.com/goline/lapi/response.go:121.21,123.3 1 1
github.com/goline/lapi/response.go:125.14,127.3 1 1
github.com/goline/lapi/response.go:130.23,132.3 1 1
github.com/goline/lapi/response.go:134.19,136.3 1 3
github.com/goline/lapi/response.go:136.3,138.3 1 1
github.com/goline/lapi/response.go:140.35,142.3 1 2
github.com/goline/lapi/response.go:144.35,146.3 1 5
github.com/goline/lapi/response.go:149.16,151.3 1 1
github.com/goline/lapi/response.go:153.21,155.3 1 1
github.com/goline/lapi/response.go:155.3,157.3 1 2
github.com/goline/lapi/response.go:164.41,166.2 1 2
github.com/goline/lapi/app.go:66.19,73.2 1 1
github.com/goline/lapi/app.go:83.52,85.47 2 0
github.com/goline/lapi/app.go:88.2,89.10 2 0
github.com/goline/lapi/app.go:85.47,87.3 1 0
github.com/goline/lapi/app.go:92.43,94.2 1 0
github.com/goline/lapi/app.go:96.57,99.2 2 0
github.com/goline/lapi/app.go:101.38,103.2 1 0
github.com/goline/lapi/app.go:105.52,108.2 2 0
github.com/goline/lapi/app.go:110.40,111.22 1 0
github.com/goline/lapi/app.go:115.2,115.18 1 0
github.com/goline/lapi/app.go:111.22,113.3 1 0
github.com/goline/lapi/app.go:118.55,121.2 2 0
github.com/goline/lapi/app.go:123.44,125.2 1 0
github.com/goline/lapi/app.go:127.72,130.2 2 0
github.com/goline/lapi/app.go:132.28,134.2 1 0
github.com/goline/lapi/app.go:136.31,138.2 1 0
github.com/goline/lapi/app.go:140.42,141.24 1 0
github.com/goline/lapi/app.go:145.2,145.42 1 0
github.com/goline/lapi/app.go:149.2,149.22 1 0
github.com/goline/lapi/app.go:152.2,153.10 2 0
github.com/goline/lapi/app.go:141.24,142.82 1 0
github.com/goline/lapi/app.go:145.42,147.3 1 0
github.com/goline/lapi/app.go:149.22,150.85 1 0
github.com/goline/lapi/app.go:156.43,157.21 1 0
github.com/goline/lapi/app.go:161.2,162.50 2 0
github.com/goline/lapi/app.go:167.2,167.10 1 0
github.com/goline/lapi/app.go:157.21,158.86 1 0
github.com/goline/lapi/app.go:162.50,164.3 1 0
github.com/goline/lapi/app.go:164.3,165.94 1 0
github.com/goline/lapi/app.go:170.72,175.60 4 0
github.com/goline/lapi/app.go:178.2,178.44 1 0
github.com/goline/lapi/app.go:182.2,183.20 2 0
github.com/goline/lapi/app.go:187.2,188.51 2 0
github.com/goline/lapi/app.go:191.2,192.60 2 0
github.com/goline/lapi/app.go:175.60,177.3 1 0
github.com/goline/lapi/app.go:178.44,180.3 1 0
github.com/goline/lapi/app.go:183.20,184.62 1 0
github.com/goline/lapi/app.go:188.51,190.3 1 0
github.com/goline/lapi/app.go:192.60,194.3 1 0
github.com/goline/lapi/app.go:197.63,198.30 1 0
github.com/goline/lapi/app.go:201.2,201.45 1 0
github.com/goline/lapi/app.go:198.30,200.3 1 0
github.com/goline/lapi/app.go:201.45,203.3 1 0
github.com/goline/lapi/app.go:206.89,214.2 4 0
github.com/goline/lapi/connection.go:17.67,19.2 1 4
github.com/goline/lapi/connection.go:26.47,28.2 1 2
github.com/goline/lapi/connection.go:30.69,33.2 2 1
github.com/goline/lapi/connection.go:35.49,37.2 1 14
github.com/goline/lapi/connection.go:39.72,42.2 2 1
github.com/goline/lapi/container.go:45.31,47.2 1 21
github.com/goline/lapi/container.go:53.83,55.24 2 18
github.com/goline/lapi/container.go:59.2,60.21 2 5
github.com/goline/lapi/container.go:64.2,64.84 1 1
github.com/goline/lapi/container.go:55.24,57.3 1 13
github.com/goline/lapi/container.go:60.21,62.3 1 4
github.com/goline/lapi/container.go:67.113,69.24 2 12
github.com/goline/lapi/container.go:73.2,74.21 2 3
github.com/goline/lapi/container.go:78.2,78.94 1 1
github.com/goline/lapi/container.go:69.24,71.3 1 9
github.com/goline/lapi/container.go:74.21,76.3 1 2
github.com/goline/lapi/container.go:81.61,83.18 2 8
github.com/goline/lapi/container.go:89.2,91.12 3 7
github.com/goline/lapi/container.go:94.2,95.25 2 6
github.com/goline/lapi/container.go:118.2,118.12 1 5
github.com/goline/lapi/container.go:84.19,84.19 0 7
github.com/goline/lapi/container.go:85.10,86.111 1 1
github.com/goline/lapi/container.go:91.12,93.3 1 1
github.com/goline/lapi/container.go:95.25,97.52 2 17
github.com/goline/lapi/container.go:101.3,102.70 1 7
github.com/goline/lapi/container.go:106.3,107.26 2 6
github.com/goline/lapi/container.go:111.3,112.17 2 5
github.com/goline/lapi/container.go:115.3,116.28 2 4
github.com/goline/lapi/container.go:97.52,98.12 1 10
github.com/goline/lapi/container.go:102.70,103.12 1 1
github.com/goline/lapi/container.go:107.26,108.12 1 1
github.com/goline/lapi/container.go:112.17,114.4 1 1
github.com/goline/lapi/container.go:121.87,123.19 2 13
github.com/goline/lapi/container.go:133.2,134.12 2 10
github.com/goline/lapi/container.go:124.20,124.20 0 4
github.com/goline/lapi/container.go:125.19,126.36 1 7
github.com/goline/lapi/container.go:129.10,130.113 1 2
github.com/goline/lapi/container.go:126.36,128.4 1 1
github.com/goline/lapi/container.go:137.84,139.16 2 4
github.com/goline/lapi/container.go:143.2,143.32 1 3
github.com/goline/lapi/container.go:147.2,148.12 2 2
github.com/goline/lapi/container.go:139.16,141.3 1 1
github.com/goline/lapi/container.go:143.32,145.3 1 1
github.com/goline/lapi/container.go:151.117,153.17 2 9
github.com/goline/lapi/container.go:156.2,158.22 2 8
github.com/goline/lapi/container.go:153.17,155.3 1 1
github.com/goline/lapi/container.go:159.20,160.39 1 3
github.com/goline/lapi/container.go:161.19,162.32 1 5
github.com/goline/lapi/container.go:163.10,164.110 1 0
github.com/goline/lapi/container.go:168.114,170.17 2 2
github.com/goline/lapi/container.go:173.2,175.22 2 1
github.com/goline/lapi/container.go:170.17,172.3 1 1
github.com/goline/lapi/container.go:176.35,177.32 1 1
github.com/goline/lapi/container.go:178.10,179.110 1 0
github.com/goline/lapi/container.go:183.78,184.47 1 13
github.com/goline/lapi/container.go:188.2,189.30 2 12
github.com/goline/lapi/container.go:193.2,193.32 1 12
github.com/goline/lapi/container.go:197.2,197.15 1 9
github.com/goline/lapi/container.go:184.47,186.3 1 1
github.com/goline/lapi/container.go:189.30,191.3 1 4
github.com/goline/lapi/container.go:193.32,195.3 1 3
github.com/goline/lapi/container.go:200.79,201.18 1 1
github.com/goline/lapi/container.go:202.22,203.16 1 1
github.com/goline/lapi/container.go:204.19,205.23 1 0
github.com/goline/lapi/container.go:206.10,207.138 1 0
github.com/goline/lapi/container.go:211.81,212.80 1 31
github.com/goline/lapi/container.go:215.2,217.30 2 26
github.com/goline/lapi/container.go:221.2,221.35 1 26
github.com/goline/lapi/container.go:225.2,225.15 1 18
github.com/goline/lapi/container.go:212.80,214.3 1 5
github.com/goline/lapi/container.go:217.30,219.3 1 19
github.com/goline/lapi/container.go:221.35,223.3 1 8
github.com/goline/lapi/container.go:228.90,229.42 1 9
github.com/goline/lapi/container.go:233.2,233.25 1 8
github.com/goline/lapi/container.go:229.42,231.3 1 1
github.com/goline/lapi/container.go:234.35,235.39 1 7
github.com/goline/lapi/container.go:236.10,237.15 1 1
github.com/goline/lapi/container.go:241.116,243.28 2 3
github.com/goline/lapi/container.go:247.2,248.27 2 2
github.com/goline/lapi/container.go:252.2,253.19 2 2
github.com/goline/lapi/container.go:256.2,256.32 1 1
github.com/goline/lapi/container.go:243.28,245.3 1 1
github.com/goline/lapi/container.go:248.27,250.3 1 4
github.com/goline/lapi/container.go:253.19,255.3 1 1
github.com/goline/lapi/bag.go:22.19,24.2 1 14
github.com/goline/lapi/bag.go:30.58,33.2 2 4
github.com/goline/lapi/bag.go:35.57,37.2 1 7
github.com/goline/lapi/bag.go:39.41,41.2 1 1
github.com/goline/lapi/bag.go:43.43,46.2 2 6
github.com/goline/lapi/bag.go:48.51,50.2 1 4
github.com/goline/lapi/hook.go:22.57,27.41 2 0
github.com/goline/lapi/hook.go:31.2,35.16 4 0
github.com/goline/lapi/hook.go:38.2,40.12 2 0
github.com/goline/lapi/hook.go:27.41,29.3 1 0
github.com/goline/lapi/hook.go:35.16,37.3 1 0
github.com/goline/lapi/hook.go:43.91,44.16 1 0
github.com/goline/lapi/hook.go:49.2,49.19 1 0
github.com/goline/lapi/hook.go:53.2,54.12 2 0
github.com/goline/lapi/hook.go:44.16,47.3 1 0
github.com/goline/lapi/hook.go:49.19,51.3 1 0
github.com/goline/lapi/hook.go:59.57,64.2 4 0
github.com/goline/lapi/hook.go:66.91,68.2 1 0
github.com/goline/lapi/router.go:95.25,99.2 1 17
github.com/goline/lapi/router.go:102.58,107.2 1 2
github.com/goline/lapi/router.go:115.64,117.2 1 13
github.com/goline/lapi/router.go:119.65,121.2 1 2
github.com/goline/lapi/router.go:123.64,125.2 1 1
github.com/goline/lapi/router.go:127.66,129.2 1 1
github.com/goline/lapi/router.go:131.67,133.2 1 1
github.com/goline/lapi/router.go:135.65,137.2 1 1
github.com/goline/lapi/router.go:139.68,141.2 1 1
github.com/goline/lapi/router.go:143.84,144.39 1 28
github.com/goline/lapi/router.go:144.39,149.3 4 1
github.com/goline/lapi/router.go:149.3,152.17 3 27
github.com/goline/lapi/router.go:156.3,157.15 2 26
github.com/goline/lapi/router.go:152.17,153.128 1 1
github.com/goline/lapi/router.go:161.55,164.2 2 1
github.com/goline/lapi/router.go:166.53,168.2 1 1
github.com/goline/lapi/router.go:170.52,171.33 1 1
github.com/goline/lapi/router.go:174.2,174.10 1 1
github.com/goline/lapi/router.go:171.33,173.3 1 1
github.com/goline/lapi/router.go:177.52,178.33 1 1
github.com/goline/lapi/router.go:183.2,183.10 1 1
github.com/goline/lapi/router.go:178.33,179.52 1 1
github.com/goline/lapi/router.go:179.52,181.4 1 1
github.com/goline/lapi/router.go:186.59,187.33 1 41
github.com/goline/lapi/router.go:192.2,192.19 1 27
github.com/goline/lapi/router.go:187.33,188.27 1 22
github.com/goline/lapi/router.go:188.27,190.4 1 14
github.com/goline/lapi/router.go:195.42,197.2 1 6
github.com/goline/lapi/router.go:199.62,201.16 2 1
github.com/goline/lapi/router.go:205.2,205.10 1 1
github.com/goline/lapi/router.go:201.16,204.3 2 1
github.com/goline/lapi/router.go:208.52,210.16 2 1
github.com/goline/lapi/router.go:213.2,213.10 1 1
github.com/goline/lapi/router.go:210.16,212.3 1 1
github.com/goline/lapi/router.go:216.54,217.33 1 2
github.com/goline/lapi/router.go:223.2,224.31 1 1
github.com/goline/lapi/router.go:217.33,218.59 1 3
github.com/goline/lapi/router.go:218.59,221.4 2 1
github.com/goline/lapi/router.go:227.52,228.40 1 1
github.com/goline/lapi/router.go:231.2,231.10 1 1
github.com/goline/lapi/router.go:228.40,230.3 1 1
github.com/goline/lapi/router.go:234.61,235.33 1 3
github.com/goline/lapi/router.go:240.2,240.18 1 1
github.com/goline/lapi/router.go:235.33,236.27 1 5
github.com/goline/lapi/router.go:236.27,238.4 1 2
